<?xml version="1.0" encoding="UTF-8"?>
<testng-results skipped="0" failed="0" ignored="0" total="1" passed="1">
  <reporter-output>
  </reporter-output>
  <suite name="Default suite" duration-ms="36436" started-at="2022-08-20T19:54:04 EET" finished-at="2022-08-20T19:54:40 EET">
    <groups>
    </groups>
    <test name="Default test" duration-ms="36436" started-at="2022-08-20T19:54:04 EET" finished-at="2022-08-20T19:54:40 EET">
      <class name="AutomationTask.AutomationTask.signup">
        <test-method status="PASS" signature="WebDriver()[pri:0, instance:AutomationTask.AutomationTask.signup@c267ef4]" name="WebDriver" is-config="true" duration-ms="9810" started-at="2022-08-20T19:54:04 EET" finished-at="2022-08-20T19:54:13 EET">
          <reporter-output>
          </reporter-output>
        </test-method> <!-- WebDriver -->
        <test-method status="PASS" signature="test()[pri:0, instance:AutomationTask.AutomationTask.signup@c267ef4]" name="test" duration-ms="25728" started-at="2022-08-20T19:54:13 EET" finished-at="2022-08-20T19:54:39 EET">
          <reporter-output>
          </reporter-output>
        </test-method> <!-- test -->
        <test-method status="PASS" signature="quit()[pri:0, instance:AutomationTask.AutomationTask.signup@c267ef4]" name="quit" is-config="true" duration-ms="739" started-at="2022-08-20T19:54:39 EET" finished-at="2022-08-20T19:54:40 EET">
          <reporter-output>
          </reporter-output>
        </test-method> <!-- quit -->
      </class> <!-- AutomationTask.AutomationTask.signup -->
    </test> <!-- Default test -->
  </suite> <!-- Default suite -->
</testng-results>
